<?xml version="1.0" encoding="UTF-8"?>
<testsuite name="com.in2.superHero.SuperHeroApplicationTests" tests="1" skipped="0" failures="0" errors="0" timestamp="2021-12-12T15:50:35" hostname="jekahwati-ThinkPad-T480" time="0.138">
  <properties/>
  <testcase name="contextLoads()" classname="com.in2.superHero.SuperHeroApplicationTests" time="0.138"/>
  <system-out><![CDATA[12:50:29.341 [Test worker] DEBUG org.springframework.test.context.BootstrapUtils - Instantiating CacheAwareContextLoaderDelegate from class [org.springframework.test.context.cache.DefaultCacheAwareContextLoaderDelegate]
12:50:29.351 [Test worker] DEBUG org.springframework.test.context.BootstrapUtils - Instantiating BootstrapContext using constructor [public org.springframework.test.context.support.DefaultBootstrapContext(java.lang.Class,org.springframework.test.context.CacheAwareContextLoaderDelegate)]
12:50:29.381 [Test worker] DEBUG org.springframework.test.context.BootstrapUtils - Instantiating TestContextBootstrapper for test class [com.in2.superHero.SuperHeroApplicationTests] from class [org.springframework.boot.test.context.SpringBootTestContextBootstrapper]
12:50:29.393 [Test worker] INFO org.springframework.boot.test.context.SpringBootTestContextBootstrapper - Neither @ContextConfiguration nor @ContextHierarchy found for test class [com.in2.superHero.SuperHeroApplicationTests], using SpringBootContextLoader
12:50:29.399 [Test worker] DEBUG org.springframework.test.context.support.AbstractContextLoader - Did not detect default resource location for test class [com.in2.superHero.SuperHeroApplicationTests]: class path resource [com/in2/superHero/SuperHeroApplicationTests-context.xml] does not exist
12:50:29.400 [Test worker] DEBUG org.springframework.test.context.support.AbstractContextLoader - Did not detect default resource location for test class [com.in2.superHero.SuperHeroApplicationTests]: class path resource [com/in2/superHero/SuperHeroApplicationTestsContext.groovy] does not exist
12:50:29.400 [Test worker] INFO org.springframework.test.context.support.AbstractContextLoader - Could not detect default resource locations for test class [com.in2.superHero.SuperHeroApplicationTests]: no resource found for suffixes {-context.xml, Context.groovy}.
12:50:29.401 [Test worker] INFO org.springframework.test.context.support.AnnotationConfigContextLoaderUtils - Could not detect default configuration classes for test class [com.in2.superHero.SuperHeroApplicationTests]: SuperHeroApplicationTests does not declare any static, non-private, non-final, nested classes annotated with @Configuration.
12:50:29.459 [Test worker] DEBUG org.springframework.test.context.support.ActiveProfilesUtils - Could not find an 'annotation declaring class' for annotation type [org.springframework.test.context.ActiveProfiles] and class [com.in2.superHero.SuperHeroApplicationTests]
12:50:29.521 [Test worker] DEBUG org.springframework.context.annotation.ClassPathScanningCandidateComponentProvider - Identified candidate component class: file [/home/jekahwati/my-workspace/superHero/build/classes/java/main/com/in2/superHero/SuperHeroApplication.class]
12:50:29.523 [Test worker] INFO org.springframework.boot.test.context.SpringBootTestContextBootstrapper - Found @SpringBootConfiguration com.in2.superHero.SuperHeroApplication for test class com.in2.superHero.SuperHeroApplicationTests
12:50:29.660 [Test worker] DEBUG org.springframework.boot.test.context.SpringBootTestContextBootstrapper - @TestExecutionListeners is not present for class [com.in2.superHero.SuperHeroApplicationTests]: using defaults.
12:50:29.661 [Test worker] INFO org.springframework.boot.test.context.SpringBootTestContextBootstrapper - Loaded default TestExecutionListener class names from location [META-INF/spring.factories]: [org.springframework.boot.test.autoconfigure.restdocs.RestDocsTestExecutionListener, org.springframework.boot.test.autoconfigure.web.client.MockRestServiceServerResetTestExecutionListener, org.springframework.boot.test.autoconfigure.web.servlet.MockMvcPrintOnlyOnFailureTestExecutionListener, org.springframework.boot.test.autoconfigure.web.servlet.WebDriverTestExecutionListener, org.springframework.boot.test.autoconfigure.webservices.client.MockWebServiceServerTestExecutionListener, org.springframework.boot.test.mock.mockito.MockitoTestExecutionListener, org.springframework.boot.test.mock.mockito.ResetMocksTestExecutionListener, org.springframework.test.context.web.ServletTestExecutionListener, org.springframework.test.context.support.DirtiesContextBeforeModesTestExecutionListener, org.springframework.test.context.event.ApplicationEventsTestExecutionListener, org.springframework.test.context.support.DependencyInjectionTestExecutionListener, org.springframework.test.context.support.DirtiesContextTestExecutionListener, org.springframework.test.context.transaction.TransactionalTestExecutionListener, org.springframework.test.context.jdbc.SqlScriptsTestExecutionListener, org.springframework.test.context.event.EventPublishingTestExecutionListener]
12:50:29.683 [Test worker] INFO org.springframework.boot.test.context.SpringBootTestContextBootstrapper - Using TestExecutionListeners: [org.springframework.test.context.web.ServletTestExecutionListener@327120c8, org.springframework.test.context.support.DirtiesContextBeforeModesTestExecutionListener@5707c1cb, org.springframework.test.context.event.ApplicationEventsTestExecutionListener@2b5cb9b2, org.springframework.boot.test.mock.mockito.MockitoTestExecutionListener@35038141, org.springframework.boot.test.autoconfigure.SpringBootDependencyInjectionTestExecutionListener@ecf9049, org.springframework.test.context.support.DirtiesContextTestExecutionListener@672f11c2, org.springframework.test.context.transaction.TransactionalTestExecutionListener@2970a5bc, org.springframework.test.context.jdbc.SqlScriptsTestExecutionListener@50305a, org.springframework.test.context.event.EventPublishingTestExecutionListener@72efb5c1, org.springframework.boot.test.autoconfigure.restdocs.RestDocsTestExecutionListener@6d511b5f, org.springframework.boot.test.autoconfigure.web.client.MockRestServiceServerResetTestExecutionListener@41200e0c, org.springframework.boot.test.autoconfigure.web.servlet.MockMvcPrintOnlyOnFailureTestExecutionListener@40f33492, org.springframework.boot.test.autoconfigure.web.servlet.WebDriverTestExecutionListener@4fbdc0f0, org.springframework.boot.test.autoconfigure.webservices.client.MockWebServiceServerTestExecutionListener@2ad3a1bb, org.springframework.boot.test.mock.mockito.ResetMocksTestExecutionListener@6bc28a83]
12:50:29.686 [Test worker] DEBUG org.springframework.test.context.support.AbstractDirtiesContextTestExecutionListener - Before test class: context [DefaultTestContext@6b9267b testClass = SuperHeroApplicationTests, testInstance = [null], testMethod = [null], testException = [null], mergedContextConfiguration = [WebMergedContextConfiguration@408b35bf testClass = SuperHeroApplicationTests, locations = '{}', classes = '{class com.in2.superHero.SuperHeroApplication}', contextInitializerClasses = '[]', activeProfiles = '{}', propertySourceLocations = '{}', propertySourceProperties = '{org.springframework.boot.test.context.SpringBootTestContextBootstrapper=true}', contextCustomizers = set[org.springframework.boot.test.autoconfigure.actuate.metrics.MetricsExportContextCustomizerFactory$DisableMetricExportContextCustomizer@5553d0f5, org.springframework.boot.test.autoconfigure.properties.PropertyMappingContextCustomizer@0, org.springframework.boot.test.autoconfigure.web.servlet.WebDriverContextCustomizerFactory$Customizer@4c4748bf, org.springframework.boot.test.context.filter.ExcludeFilterContextCustomizer@32811494, org.springframework.boot.test.json.DuplicateJsonObjectContextCustomizerFactory$DuplicateJsonObjectContextCustomizer@14d14731, org.springframework.boot.test.mock.mockito.MockitoContextCustomizer@0, org.springframework.boot.test.web.client.TestRestTemplateContextCustomizer@463b4ac8, org.springframework.boot.test.context.SpringBootTestArgs@1, org.springframework.boot.test.context.SpringBootTestWebEnvironment@37313c65], resourceBasePath = 'src/main/webapp', contextLoader = 'org.springframework.boot.test.context.SpringBootContextLoader', parent = [null]], attributes = map['org.springframework.test.context.web.ServletTestExecutionListener.activateListener' -> true]], class annotated with @DirtiesContext [false] with mode [null].
12:50:29.785 [Test worker] DEBUG org.springframework.boot.ApplicationServletEnvironment - Activating profiles []
12:50:29.787 [Test worker] DEBUG org.springframework.test.context.support.TestPropertySourceUtils - Adding inlined properties to environment: {spring.jmx.enabled=false, org.springframework.boot.test.context.SpringBootTestContextBootstrapper=true}

  .   ____          _            __ _ _
 /\\ / ___'_ __ _ _(_)_ __  __ _ \ \ \ \
( ( )\___ | '_ | '_| | '_ \/ _` | \ \ \ \
 \\/  ___)| |_)| | | | | || (_| |  ) ) ) )
  '  |____| .__|_| |_|_| |_\__, | / / / /
 =========|_|==============|___/=/_/_/_/
 :: Spring Boot ::                (v2.6.1)

2021-12-12 12:50:30.125  INFO 10467 --- [    Test worker] c.i.superHero.SuperHeroApplicationTests  : Starting SuperHeroApplicationTests using Java 11.0.12 on jekahwati-ThinkPad-T480 with PID 10467 (started by jekahwati in /home/jekahwati/my-workspace/superHero)
2021-12-12 12:50:30.127  INFO 10467 --- [    Test worker] c.i.superHero.SuperHeroApplicationTests  : No active profile set, falling back to default profiles: default
2021-12-12 12:50:31.220  INFO 10467 --- [    Test worker] .s.d.r.c.RepositoryConfigurationDelegate : Bootstrapping Spring Data JPA repositories in DEFAULT mode.
2021-12-12 12:50:31.279  INFO 10467 --- [    Test worker] .s.d.r.c.RepositoryConfigurationDelegate : Finished Spring Data repository scanning in 47 ms. Found 1 JPA repository interfaces.
2021-12-12 12:50:32.108  INFO 10467 --- [    Test worker] com.zaxxer.hikari.HikariDataSource       : HikariPool-1 - Starting...
2021-12-12 12:50:32.335  INFO 10467 --- [    Test worker] com.zaxxer.hikari.HikariDataSource       : HikariPool-1 - Start completed.
2021-12-12 12:50:32.450  INFO 10467 --- [    Test worker] o.hibernate.jpa.internal.util.LogHelper  : HHH000204: Processing PersistenceUnitInfo [name: default]
2021-12-12 12:50:32.515  INFO 10467 --- [    Test worker] org.hibernate.Version                    : HHH000412: Hibernate ORM core version 5.6.1.Final
2021-12-12 12:50:32.771  INFO 10467 --- [    Test worker] o.hibernate.annotations.common.Version   : HCANN000001: Hibernate Commons Annotations {5.1.2.Final}
2021-12-12 12:50:32.947  INFO 10467 --- [    Test worker] org.hibernate.dialect.Dialect            : HHH000400: Using dialect: org.hibernate.dialect.H2Dialect
2021-12-12 12:50:33.687  INFO 10467 --- [    Test worker] o.h.e.t.j.p.i.JtaPlatformInitiator       : HHH000490: Using JtaPlatform implementation: [org.hibernate.engine.transaction.jta.platform.internal.NoJtaPlatform]
2021-12-12 12:50:33.697  INFO 10467 --- [    Test worker] j.LocalContainerEntityManagerFactoryBean : Initialized JPA EntityManagerFactory for persistence unit 'default'
2021-12-12 12:50:34.438  WARN 10467 --- [    Test worker] JpaBaseConfiguration$JpaWebConfiguration : spring.jpa.open-in-view is enabled by default. Therefore, database queries may be performed during view rendering. Explicitly configure spring.jpa.open-in-view to disable this warning
2021-12-12 12:50:35.049  INFO 10467 --- [    Test worker] o.s.b.a.h2.H2ConsoleAutoConfiguration    : H2 console available at '/h2-console'. Database available at 'jdbc:h2:mem:testdb'
2021-12-12 12:50:35.719  INFO 10467 --- [    Test worker] c.i.superHero.SuperHeroApplicationTests  : Started SuperHeroApplicationTests in 5.929 seconds (JVM running for 7.403)
]]></system-out>
  <system-err><![CDATA[]]></system-err>
</testsuite>
