<?xml version="1.0" encoding="UTF-8"?>
<testsuite name="com.in2.superHero.service.SuperheroServiceImplTest" tests="2" skipped="0" failures="0" errors="0" timestamp="2022-01-31T05:05:40" hostname="jekahwati-ThinkPad-T480" time="0.059">
  <properties/>
  <testcase name="shouldRemoveASuperHero()" classname="com.in2.superHero.service.SuperheroServiceImplTest" time="0.052"/>
  <testcase name="shouldFindASuperHero()" classname="com.in2.superHero.service.SuperheroServiceImplTest" time="0.005"/>
  <system-out><![CDATA[02:05:33.135 [Test worker] DEBUG org.springframework.test.context.BootstrapUtils - Instantiating CacheAwareContextLoaderDelegate from class [org.springframework.test.context.cache.DefaultCacheAwareContextLoaderDelegate]
02:05:33.149 [Test worker] DEBUG org.springframework.test.context.BootstrapUtils - Instantiating BootstrapContext using constructor [public org.springframework.test.context.support.DefaultBootstrapContext(java.lang.Class,org.springframework.test.context.CacheAwareContextLoaderDelegate)]
02:05:33.192 [Test worker] DEBUG org.springframework.test.context.BootstrapUtils - Instantiating TestContextBootstrapper for test class [com.in2.superHero.service.SuperheroServiceImplTest] from class [org.springframework.boot.test.context.SpringBootTestContextBootstrapper]
02:05:33.209 [Test worker] INFO org.springframework.boot.test.context.SpringBootTestContextBootstrapper - Neither @ContextConfiguration nor @ContextHierarchy found for test class [com.in2.superHero.service.SuperheroServiceImplTest], using SpringBootContextLoader
02:05:33.215 [Test worker] DEBUG org.springframework.test.context.support.AbstractContextLoader - Did not detect default resource location for test class [com.in2.superHero.service.SuperheroServiceImplTest]: class path resource [com/in2/superHero/service/SuperheroServiceImplTest-context.xml] does not exist
02:05:33.216 [Test worker] DEBUG org.springframework.test.context.support.AbstractContextLoader - Did not detect default resource location for test class [com.in2.superHero.service.SuperheroServiceImplTest]: class path resource [com/in2/superHero/service/SuperheroServiceImplTestContext.groovy] does not exist
02:05:33.216 [Test worker] INFO org.springframework.test.context.support.AbstractContextLoader - Could not detect default resource locations for test class [com.in2.superHero.service.SuperheroServiceImplTest]: no resource found for suffixes {-context.xml, Context.groovy}.
02:05:33.217 [Test worker] INFO org.springframework.test.context.support.AnnotationConfigContextLoaderUtils - Could not detect default configuration classes for test class [com.in2.superHero.service.SuperheroServiceImplTest]: SuperheroServiceImplTest does not declare any static, non-private, non-final, nested classes annotated with @Configuration.
02:05:33.273 [Test worker] DEBUG org.springframework.test.context.support.ActiveProfilesUtils - Could not find an 'annotation declaring class' for annotation type [org.springframework.test.context.ActiveProfiles] and class [com.in2.superHero.service.SuperheroServiceImplTest]
02:05:33.354 [Test worker] DEBUG org.springframework.context.annotation.ClassPathScanningCandidateComponentProvider - Identified candidate component class: file [/home/jekahwati/my-workspace/superHero/build/classes/java/main/com/in2/superHero/SuperHeroApplication.class]
02:05:33.355 [Test worker] INFO org.springframework.boot.test.context.SpringBootTestContextBootstrapper - Found @SpringBootConfiguration com.in2.superHero.SuperHeroApplication for test class com.in2.superHero.service.SuperheroServiceImplTest
02:05:33.482 [Test worker] DEBUG org.springframework.boot.test.context.SpringBootTestContextBootstrapper - @TestExecutionListeners is not present for class [com.in2.superHero.service.SuperheroServiceImplTest]: using defaults.
02:05:33.483 [Test worker] INFO org.springframework.boot.test.context.SpringBootTestContextBootstrapper - Loaded default TestExecutionListener class names from location [META-INF/spring.factories]: [org.springframework.boot.test.autoconfigure.restdocs.RestDocsTestExecutionListener, org.springframework.boot.test.autoconfigure.web.client.MockRestServiceServerResetTestExecutionListener, org.springframework.boot.test.autoconfigure.web.servlet.MockMvcPrintOnlyOnFailureTestExecutionListener, org.springframework.boot.test.autoconfigure.web.servlet.WebDriverTestExecutionListener, org.springframework.boot.test.autoconfigure.webservices.client.MockWebServiceServerTestExecutionListener, org.springframework.boot.test.mock.mockito.MockitoTestExecutionListener, org.springframework.boot.test.mock.mockito.ResetMocksTestExecutionListener, org.springframework.test.context.web.ServletTestExecutionListener, org.springframework.test.context.support.DirtiesContextBeforeModesTestExecutionListener, org.springframework.test.context.event.ApplicationEventsTestExecutionListener, org.springframework.test.context.support.DependencyInjectionTestExecutionListener, org.springframework.test.context.support.DirtiesContextTestExecutionListener, org.springframework.test.context.transaction.TransactionalTestExecutionListener, org.springframework.test.context.jdbc.SqlScriptsTestExecutionListener, org.springframework.test.context.event.EventPublishingTestExecutionListener]
02:05:33.499 [Test worker] INFO org.springframework.boot.test.context.SpringBootTestContextBootstrapper - Using TestExecutionListeners: [org.springframework.test.context.web.ServletTestExecutionListener@31c269fd, org.springframework.test.context.support.DirtiesContextBeforeModesTestExecutionListener@372b0d86, org.springframework.test.context.event.ApplicationEventsTestExecutionListener@47747fb9, org.springframework.boot.test.mock.mockito.MockitoTestExecutionListener@3113a37, org.springframework.boot.test.autoconfigure.SpringBootDependencyInjectionTestExecutionListener@213e3629, org.springframework.test.context.support.DirtiesContextTestExecutionListener@4e9658b5, org.springframework.test.context.transaction.TransactionalTestExecutionListener@2a7b6f69, org.springframework.test.context.jdbc.SqlScriptsTestExecutionListener@20312893, org.springframework.test.context.event.EventPublishingTestExecutionListener@70eecdc2, org.springframework.boot.test.autoconfigure.restdocs.RestDocsTestExecutionListener@c41709a, org.springframework.boot.test.autoconfigure.web.client.MockRestServiceServerResetTestExecutionListener@7db0565c, org.springframework.boot.test.autoconfigure.web.servlet.MockMvcPrintOnlyOnFailureTestExecutionListener@54ec8cc9, org.springframework.boot.test.autoconfigure.web.servlet.WebDriverTestExecutionListener@52eacb4b, org.springframework.boot.test.autoconfigure.webservices.client.MockWebServiceServerTestExecutionListener@5528a42c, org.springframework.boot.test.mock.mockito.ResetMocksTestExecutionListener@2a551a63]
02:05:33.503 [Test worker] DEBUG org.springframework.test.context.support.AbstractDirtiesContextTestExecutionListener - Before test class: context [DefaultTestContext@60d84f61 testClass = SuperheroServiceImplTest, testInstance = [null], testMethod = [null], testException = [null], mergedContextConfiguration = [WebMergedContextConfiguration@39c11e6c testClass = SuperheroServiceImplTest, locations = '{}', classes = '{class com.in2.superHero.SuperHeroApplication}', contextInitializerClasses = '[]', activeProfiles = '{}', propertySourceLocations = '{}', propertySourceProperties = '{org.springframework.boot.test.context.SpringBootTestContextBootstrapper=true}', contextCustomizers = set[org.springframework.boot.test.autoconfigure.actuate.metrics.MetricsExportContextCustomizerFactory$DisableMetricExportContextCustomizer@3543df7d, org.springframework.boot.test.autoconfigure.properties.PropertyMappingContextCustomizer@0, org.springframework.boot.test.autoconfigure.web.servlet.WebDriverContextCustomizerFactory$Customizer@1021f6c9, org.springframework.boot.test.context.filter.ExcludeFilterContextCustomizer@3fa2213, org.springframework.boot.test.json.DuplicateJsonObjectContextCustomizerFactory$DuplicateJsonObjectContextCustomizer@6035b93b, org.springframework.boot.test.mock.mockito.MockitoContextCustomizer@0, org.springframework.boot.test.web.client.TestRestTemplateContextCustomizer@4c398c80, org.springframework.boot.test.context.SpringBootTestArgs@1, org.springframework.boot.test.context.SpringBootTestWebEnvironment@4ee203eb], resourceBasePath = 'src/main/webapp', contextLoader = 'org.springframework.boot.test.context.SpringBootContextLoader', parent = [null]], attributes = map['org.springframework.test.context.web.ServletTestExecutionListener.activateListener' -> true]], class annotated with @DirtiesContext [false] with mode [null].
02:05:33.585 [Test worker] DEBUG org.springframework.boot.ApplicationServletEnvironment - Activating profiles []
02:05:33.587 [Test worker] DEBUG org.springframework.test.context.support.TestPropertySourceUtils - Adding inlined properties to environment: {spring.jmx.enabled=false, org.springframework.boot.test.context.SpringBootTestContextBootstrapper=true}

  .   ____          _            __ _ _
 /\\ / ___'_ __ _ _(_)_ __  __ _ \ \ \ \
( ( )\___ | '_ | '_| | '_ \/ _` | \ \ \ \
 \\/  ___)| |_)| | | | | || (_| |  ) ) ) )
  '  |____| .__|_| |_|_| |_\__, | / / / /
 =========|_|==============|___/=/_/_/_/
 :: Spring Boot ::                (v2.6.1)

2022-01-31 02:05:33.983  INFO 29608 --- [    Test worker] c.i.s.service.SuperheroServiceImplTest   : Starting SuperheroServiceImplTest using Java 11.0.12 on jekahwati-ThinkPad-T480 with PID 29608 (started by jekahwati in /home/jekahwati/my-workspace/superHero)
2022-01-31 02:05:33.985  INFO 29608 --- [    Test worker] c.i.s.service.SuperheroServiceImplTest   : No active profile set, falling back to default profiles: default
2022-01-31 02:05:34.883  INFO 29608 --- [    Test worker] .s.d.r.c.RepositoryConfigurationDelegate : Bootstrapping Spring Data JPA repositories in DEFAULT mode.
2022-01-31 02:05:34.952  INFO 29608 --- [    Test worker] .s.d.r.c.RepositoryConfigurationDelegate : Finished Spring Data repository scanning in 57 ms. Found 1 JPA repository interfaces.
2022-01-31 02:05:35.879  INFO 29608 --- [    Test worker] com.zaxxer.hikari.HikariDataSource       : HikariPool-1 - Starting...
2022-01-31 02:05:36.090  INFO 29608 --- [    Test worker] com.zaxxer.hikari.HikariDataSource       : HikariPool-1 - Start completed.
2022-01-31 02:05:36.191  INFO 29608 --- [    Test worker] o.hibernate.jpa.internal.util.LogHelper  : HHH000204: Processing PersistenceUnitInfo [name: default]
2022-01-31 02:05:36.247  INFO 29608 --- [    Test worker] org.hibernate.Version                    : HHH000412: Hibernate ORM core version 5.6.1.Final
2022-01-31 02:05:36.454  INFO 29608 --- [    Test worker] o.hibernate.annotations.common.Version   : HCANN000001: Hibernate Commons Annotations {5.1.2.Final}
2022-01-31 02:05:36.609  INFO 29608 --- [    Test worker] org.hibernate.dialect.Dialect            : HHH000400: Using dialect: org.hibernate.dialect.H2Dialect
2022-01-31 02:05:37.454  INFO 29608 --- [    Test worker] o.h.e.t.j.p.i.JtaPlatformInitiator       : HHH000490: Using JtaPlatform implementation: [org.hibernate.engine.transaction.jta.platform.internal.NoJtaPlatform]
2022-01-31 02:05:37.463  INFO 29608 --- [    Test worker] j.LocalContainerEntityManagerFactoryBean : Initialized JPA EntityManagerFactory for persistence unit 'default'
2022-01-31 02:05:38.350  WARN 29608 --- [    Test worker] JpaBaseConfiguration$JpaWebConfiguration : spring.jpa.open-in-view is enabled by default. Therefore, database queries may be performed during view rendering. Explicitly configure spring.jpa.open-in-view to disable this warning
2022-01-31 02:05:39.077  INFO 29608 --- [    Test worker] o.s.b.a.h2.H2ConsoleAutoConfiguration    : H2 console available at '/h2-console'. Database available at 'jdbc:h2:mem:testdb'
2022-01-31 02:05:40.350  INFO 29608 --- [    Test worker] c.i.s.service.SuperheroServiceImplTest   : Started SuperheroServiceImplTest in 6.761 seconds (JVM running for 8.392)
]]></system-out>
  <system-err><![CDATA[]]></system-err>
</testsuite>
